C:\Program Files (x86)\Microsoft Visual Studio\2019\Community\MSBuild\Microsoft\VC\v160\Microsoft.CppBuild.targets(519,5): warning MSB8028: The intermediate directory (x64\Release\) contains files shared from another project (Project1.vcxproj).  This can lead to incorrect clean and rebuild behavior.
  main.cpp
D:\_Portfolio\Space-Shaders\Program.h(142,1): warning C4267: 'argument': conversion from 'size_t' to 'GLsizei', possible loss of data
D:\_Portfolio\Space-Shaders\Text.h(114,1): warning C4267: 'initializing': conversion from 'size_t' to 'unsigned int', possible loss of data
D:\_Portfolio\Space-Shaders\Text.h(115,30): warning C4244: 'argument': conversion from 'int' to 'const _Ty', possible loss of data
          with
          [
              _Ty=float
          ]
D:\_Portfolio\Space-Shaders\Text.h(117,31): warning C4244: 'argument': conversion from 'int' to '_Ty', possible loss of data
          with
          [
              _Ty=float
          ]
D:\_Portfolio\Space-Shaders\Text.h(119,31): warning C4244: 'argument': conversion from 'int' to '_Ty', possible loss of data
          with
          [
              _Ty=float
          ]
D:\_Portfolio\Space-Shaders\Text.h(121,30): warning C4244: 'argument': conversion from 'int' to 'const _Ty', possible loss of data
          with
          [
              _Ty=float
          ]
D:\_Portfolio\Space-Shaders\Text.h(123,30): warning C4244: 'argument': conversion from 'int' to 'const _Ty', possible loss of data
          with
          [
              _Ty=float
          ]
D:\_Portfolio\Space-Shaders\Text.h(124,37): warning C4244: 'argument': conversion from 'int' to '_Ty', possible loss of data
          with
          [
              _Ty=float
          ]
D:\_Portfolio\Space-Shaders\Text.h(125,32): warning C4244: 'argument': conversion from 'int' to '_Ty', possible loss of data
          with
          [
              _Ty=float
          ]
D:\_Portfolio\Space-Shaders\Text.h(126,37): warning C4244: 'argument': conversion from 'int' to '_Ty', possible loss of data
          with
          [
              _Ty=float
          ]
D:\_Portfolio\Space-Shaders\Text.h(127,32): warning C4244: 'argument': conversion from 'int' to '_Ty', possible loss of data
          with
          [
              _Ty=float
          ]
D:\_Portfolio\Space-Shaders\Text.h(128,32): warning C4244: 'argument': conversion from 'int' to '_Ty', possible loss of data
          with
          [
              _Ty=float
          ]
D:\_Portfolio\Space-Shaders\Text.h(129,30): warning C4244: 'argument': conversion from 'int' to 'const _Ty', possible loss of data
          with
          [
              _Ty=float
          ]
D:\_Portfolio\Space-Shaders\Text.h(130,32): warning C4244: 'argument': conversion from 'int' to '_Ty', possible loss of data
          with
          [
              _Ty=float
          ]
D:\_Portfolio\Space-Shaders\Text.h(159,1): warning C4267: 'argument': conversion from 'size_t' to 'GLsizei', possible loss of data
D:\_Portfolio\Space-Shaders\Particle.h(89,1): warning C4305: 'argument': truncation from 'double' to 'T'
          with
          [
              T=float
          ]
D:\_Portfolio\Space-Shaders\Billboard.h(98,1): warning C4267: 'argument': conversion from 'size_t' to 'GLsizei', possible loss of data
D:\_Portfolio\Space-Shaders\Framebuffer.h(82,1): warning C4267: 'argument': conversion from 'size_t' to 'GLsizei', possible loss of data
D:\_Portfolio\Space-Shaders\main.cpp(269,7): warning C4305: 'argument': truncation from 'double' to 'float'
D:\_Portfolio\Space-Shaders\main.cpp(399,25): warning C4244: 'argument': conversion from 'float' to 'int', possible loss of data
D:\_Portfolio\Space-Shaders\main.cpp(479,47): warning C4244: 'argument': conversion from 'int' to 'T', possible loss of data
          with
          [
              T=float
          ]
D:\_Portfolio\Space-Shaders\main.cpp(479,44): warning C4244: 'argument': conversion from 'int' to 'T', possible loss of data
          with
          [
              T=float
          ]
D:\_Portfolio\Space-Shaders\Image.h(56,1): warning C4267: 'argument': conversion from 'size_t' to 'unsigned int', possible loss of data
D:\_Portfolio\Space-Shaders\ImageTexture2DArray.h(67): message : see reference to function template instantiation 'Image::Image<uint8_t>(const std::vector<uint8_t,std::allocator<uint8_t>> &)' being compiled
D:\_Portfolio\Space-Shaders\Program.h(318,1): warning C4267: 'argument': conversion from 'size_t' to 'GLsizei', possible loss of data
D:\_Portfolio\Space-Shaders\Program.h(57): message : see reference to function template instantiation 'void Program::getLog<void(GLuint,GLsizei,GLsizei *,GLchar *)>(std::string,T (__cdecl &),GLuint)' being compiled
          with
          [
              T=void (GLuint,GLsizei,GLsizei *,GLchar *)
          ]
C:\Program Files (x86)\Microsoft Visual Studio\2019\Community\VC\Tools\MSVC\14.28.29910\include\xutility(138,73): warning C4244: 'argument': conversion from '_Ty' to 'int', possible loss of data
          with
          [
              _Ty=unsigned __int64
          ]
C:\Program Files (x86)\Microsoft Visual Studio\2019\Community\VC\Tools\MSVC\14.28.29910\include\memory(2186): message : see reference to function template instantiation 'void std::_Construct_in_place<_Ty,unsigned __int64>(_Ty &,unsigned __int64 &&) noexcept(false)' being compiled
          with
          [
              _Ty=Buffer
          ]
C:\Program Files (x86)\Microsoft Visual Studio\2019\Community\VC\Tools\MSVC\14.28.29910\include\memory(2906): message : see reference to function template instantiation 'std::_Ref_count_obj2<_Ty>::_Ref_count_obj2<unsigned __int64>(unsigned __int64 &&)' being compiled
          with
          [
              _Ty=Buffer
          ]
C:\Program Files (x86)\Microsoft Visual Studio\2019\Community\VC\Tools\MSVC\14.28.29910\include\memory(2907): message : see reference to function template instantiation 'std::_Ref_count_obj2<_Ty>::_Ref_count_obj2<unsigned __int64>(unsigned __int64 &&)' being compiled
          with
          [
              _Ty=Buffer
          ]
D:\_Portfolio\Space-Shaders\LaserBlast.h(37): message : see reference to function template instantiation 'std::shared_ptr<Buffer> std::make_shared<Buffer,unsigned __int64>(unsigned __int64 &&)' being compiled
  statics.cpp
D:\_Portfolio\Space-Shaders\Program.h(142,1): warning C4267: 'argument': conversion from 'size_t' to 'GLsizei', possible loss of data
D:\_Portfolio\Space-Shaders\Text.h(114,1): warning C4267: 'initializing': conversion from 'size_t' to 'unsigned int', possible loss of data
D:\_Portfolio\Space-Shaders\Text.h(115,30): warning C4244: 'argument': conversion from 'int' to 'const _Ty', possible loss of data
          with
          [
              _Ty=float
          ]
D:\_Portfolio\Space-Shaders\Text.h(117,31): warning C4244: 'argument': conversion from 'int' to '_Ty', possible loss of data
          with
          [
              _Ty=float
          ]
D:\_Portfolio\Space-Shaders\Text.h(119,31): warning C4244: 'argument': conversion from 'int' to '_Ty', possible loss of data
          with
          [
              _Ty=float
          ]
D:\_Portfolio\Space-Shaders\Text.h(121,30): warning C4244: 'argument': conversion from 'int' to 'const _Ty', possible loss of data
          with
          [
              _Ty=float
          ]
D:\_Portfolio\Space-Shaders\Text.h(123,30): warning C4244: 'argument': conversion from 'int' to 'const _Ty', possible loss of data
          with
          [
              _Ty=float
          ]
D:\_Portfolio\Space-Shaders\Text.h(124,37): warning C4244: 'argument': conversion from 'int' to '_Ty', possible loss of data
          with
          [
              _Ty=float
          ]
D:\_Portfolio\Space-Shaders\Text.h(125,32): warning C4244: 'argument': conversion from 'int' to '_Ty', possible loss of data
          with
          [
              _Ty=float
          ]
D:\_Portfolio\Space-Shaders\Text.h(126,37): warning C4244: 'argument': conversion from 'int' to '_Ty', possible loss of data
          with
          [
              _Ty=float
          ]
D:\_Portfolio\Space-Shaders\Text.h(127,32): warning C4244: 'argument': conversion from 'int' to '_Ty', possible loss of data
          with
          [
              _Ty=float
          ]
D:\_Portfolio\Space-Shaders\Text.h(128,32): warning C4244: 'argument': conversion from 'int' to '_Ty', possible loss of data
          with
          [
              _Ty=float
          ]
D:\_Portfolio\Space-Shaders\Text.h(129,30): warning C4244: 'argument': conversion from 'int' to 'const _Ty', possible loss of data
          with
          [
              _Ty=float
          ]
D:\_Portfolio\Space-Shaders\Text.h(130,32): warning C4244: 'argument': conversion from 'int' to '_Ty', possible loss of data
          with
          [
              _Ty=float
          ]
D:\_Portfolio\Space-Shaders\Text.h(159,1): warning C4267: 'argument': conversion from 'size_t' to 'GLsizei', possible loss of data
D:\_Portfolio\Space-Shaders\Billboard.h(98,1): warning C4267: 'argument': conversion from 'size_t' to 'GLsizei', possible loss of data
D:\_Portfolio\Space-Shaders\Framebuffer.h(82,1): warning C4267: 'argument': conversion from 'size_t' to 'GLsizei', possible loss of data
D:\_Portfolio\Space-Shaders\Particle.h(89,1): warning C4305: 'argument': truncation from 'double' to 'T'
          with
          [
              T=float
          ]
D:\_Portfolio\Space-Shaders\Image.h(56,1): warning C4267: 'argument': conversion from 'size_t' to 'unsigned int', possible loss of data
D:\_Portfolio\Space-Shaders\ImageTexture2DArray.h(67): message : see reference to function template instantiation 'Image::Image<uint8_t>(const std::vector<uint8_t,std::allocator<uint8_t>> &)' being compiled
D:\_Portfolio\Space-Shaders\Program.h(318,1): warning C4267: 'argument': conversion from 'size_t' to 'GLsizei', possible loss of data
D:\_Portfolio\Space-Shaders\Program.h(57): message : see reference to function template instantiation 'void Program::getLog<void(GLuint,GLsizei,GLsizei *,GLchar *)>(std::string,T (__cdecl &),GLuint)' being compiled
          with
          [
              T=void (GLuint,GLsizei,GLsizei *,GLchar *)
          ]
C:\Program Files (x86)\Microsoft Visual Studio\2019\Community\VC\Tools\MSVC\14.28.29910\include\xutility(138,73): warning C4244: 'argument': conversion from '_Ty' to 'int', possible loss of data
          with
          [
              _Ty=unsigned __int64
          ]
C:\Program Files (x86)\Microsoft Visual Studio\2019\Community\VC\Tools\MSVC\14.28.29910\include\memory(2186): message : see reference to function template instantiation 'void std::_Construct_in_place<_Ty,unsigned __int64>(_Ty &,unsigned __int64 &&) noexcept(false)' being compiled
          with
          [
              _Ty=Buffer
          ]
C:\Program Files (x86)\Microsoft Visual Studio\2019\Community\VC\Tools\MSVC\14.28.29910\include\memory(2906): message : see reference to function template instantiation 'std::_Ref_count_obj2<_Ty>::_Ref_count_obj2<unsigned __int64>(unsigned __int64 &&)' being compiled
          with
          [
              _Ty=Buffer
          ]
C:\Program Files (x86)\Microsoft Visual Studio\2019\Community\VC\Tools\MSVC\14.28.29910\include\memory(2907): message : see reference to function template instantiation 'std::_Ref_count_obj2<_Ty>::_Ref_count_obj2<unsigned __int64>(unsigned __int64 &&)' being compiled
          with
          [
              _Ty=Buffer
          ]
D:\_Portfolio\Space-Shaders\LaserBlast.h(37): message : see reference to function template instantiation 'std::shared_ptr<Buffer> std::make_shared<Buffer,unsigned __int64>(unsigned __int64 &&)' being compiled
  miniz_tinfl.c
  Generating code
  77 of 2831 functions ( 2.7%) were compiled, the rest were copied from previous compilation.
    0 functions were new in current compilation
    39 functions had inline decision re-evaluated but remain unchanged
  Finished generating code
  Project1.vcxproj -> D:\_Portfolio\Space-Shaders\x64\Release\SpaceShaders.exe
